2023-04-03 02:16:58,531 [ERROR] 11944 16844 C:\Users\xrnsj\work\CreateCompanyList\CreateCompanyList\apps\scrap\management\commands\registcompanyinfo.py:38 Greenより情報を取得するのに失敗しました。
2023-04-03 22:48:46,115 [INFO] 5816 8292 C:\Users\xrnsj\work\CreateCompanyList\cclvenv\lib\site-packages\django\utils\autoreload.py:637 Watching for file changes with StatReloader
2023-04-03 22:48:51,542 [INFO] 5816 22032 C:\Users\xrnsj\work\CreateCompanyList\cclvenv\lib\site-packages\django\core\servers\basehttp.py:161 "GET /admin/company/company/ HTTP/1.1" 200 6653
2023-04-03 22:48:51,574 [INFO] 5816 22032 C:\Users\xrnsj\work\CreateCompanyList\cclvenv\lib\site-packages\django\core\servers\basehttp.py:161 "GET /admin/jsi18n/ HTTP/1.1" 200 8734
2023-04-03 22:49:01,345 [INFO] 5816 22032 C:\Users\xrnsj\work\CreateCompanyList\cclvenv\lib\site-packages\django\core\servers\basehttp.py:161 "GET /admin/company/company/0d654a81-2c79-4fa3-9e82-8d1a89da368d/change/ HTTP/1.1" 200 8099
2023-04-03 22:49:01,367 [INFO] 5816 22032 C:\Users\xrnsj\work\CreateCompanyList\cclvenv\lib\site-packages\django\core\servers\basehttp.py:161 "GET /admin/jsi18n/ HTTP/1.1" 200 8734
2023-04-03 22:51:07,679 [INFO] 5816 22032 C:\Users\xrnsj\work\CreateCompanyList\cclvenv\lib\site-packages\django\core\servers\basehttp.py:161 "GET /admin/company/ HTTP/1.1" 200 2815
2023-04-03 22:51:09,779 [INFO] 5816 22032 C:\Users\xrnsj\work\CreateCompanyList\cclvenv\lib\site-packages\django\core\servers\basehttp.py:161 "GET /admin/ HTTP/1.1" 200 4709
2023-04-03 22:51:51,248 [INFO] 5816 8292 C:\Users\xrnsj\work\CreateCompanyList\cclvenv\lib\site-packages\django\utils\autoreload.py:251 C:\Users\xrnsj\work\CreateCompanyList\CreateCompanyList\apps\scrap\admin.py changed, reloading.
2023-04-03 22:51:53,331 [INFO] 9712 17296 C:\Users\xrnsj\work\CreateCompanyList\cclvenv\lib\site-packages\django\utils\autoreload.py:637 Watching for file changes with StatReloader
2023-04-03 22:51:56,679 [INFO] 9712 17296 C:\Users\xrnsj\work\CreateCompanyList\cclvenv\lib\site-packages\django\utils\autoreload.py:251 C:\Users\xrnsj\work\CreateCompanyList\CreateCompanyList\apps\scrap\admin.py changed, reloading.
2023-04-03 22:51:57,237 [INFO] 9552 5452 C:\Users\xrnsj\work\CreateCompanyList\cclvenv\lib\site-packages\django\utils\autoreload.py:637 Watching for file changes with StatReloader
2023-04-03 22:52:06,020 [INFO] 9552 5452 C:\Users\xrnsj\work\CreateCompanyList\cclvenv\lib\site-packages\django\utils\autoreload.py:251 C:\Users\xrnsj\work\CreateCompanyList\CreateCompanyList\apps\company\admin.py changed, reloading.
2023-04-03 22:52:06,708 [INFO] 25400 1108 C:\Users\xrnsj\work\CreateCompanyList\cclvenv\lib\site-packages\django\utils\autoreload.py:637 Watching for file changes with StatReloader
2023-04-03 22:52:10,087 [INFO] 25400 1108 C:\Users\xrnsj\work\CreateCompanyList\cclvenv\lib\site-packages\django\utils\autoreload.py:251 C:\Users\xrnsj\work\CreateCompanyList\CreateCompanyList\apps\company\admin.py changed, reloading.
2023-04-03 22:52:10,643 [INFO] 23156 25456 C:\Users\xrnsj\work\CreateCompanyList\cclvenv\lib\site-packages\django\utils\autoreload.py:637 Watching for file changes with StatReloader
2023-04-03 22:52:14,023 [INFO] 23156 25456 C:\Users\xrnsj\work\CreateCompanyList\cclvenv\lib\site-packages\django\utils\autoreload.py:251 C:\Users\xrnsj\work\CreateCompanyList\CreateCompanyList\apps\company\admin.py changed, reloading.
2023-04-03 22:52:14,629 [INFO] 25744 28628 C:\Users\xrnsj\work\CreateCompanyList\cclvenv\lib\site-packages\django\utils\autoreload.py:637 Watching for file changes with StatReloader
2023-04-03 22:52:15,965 [INFO] 25744 28628 C:\Users\xrnsj\work\CreateCompanyList\cclvenv\lib\site-packages\django\utils\autoreload.py:251 C:\Users\xrnsj\work\CreateCompanyList\CreateCompanyList\apps\company\admin.py changed, reloading.
2023-04-03 22:52:16,547 [INFO] 19236 16780 C:\Users\xrnsj\work\CreateCompanyList\cclvenv\lib\site-packages\django\utils\autoreload.py:637 Watching for file changes with StatReloader
2023-04-03 22:52:18,160 [INFO] 19236 11620 C:\Users\xrnsj\work\CreateCompanyList\cclvenv\lib\site-packages\django\core\servers\basehttp.py:161 "GET /admin/ HTTP/1.1" 200 5393
2023-04-03 22:52:19,925 [INFO] 19236 11620 C:\Users\xrnsj\work\CreateCompanyList\cclvenv\lib\site-packages\django\core\servers\basehttp.py:161 "GET /admin/scrap/companylist/ HTTP/1.1" 200 5355
2023-04-03 22:52:19,954 [INFO] 19236 11620 C:\Users\xrnsj\work\CreateCompanyList\cclvenv\lib\site-packages\django\core\servers\basehttp.py:161 "GET /admin/jsi18n/ HTTP/1.1" 200 8734
2023-04-03 22:52:23,250 [INFO] 19236 11620 C:\Users\xrnsj\work\CreateCompanyList\cclvenv\lib\site-packages\django\core\servers\basehttp.py:161 "GET /admin/company/company/ HTTP/1.1" 200 7203
2023-04-03 22:52:23,270 [INFO] 19236 11620 C:\Users\xrnsj\work\CreateCompanyList\cclvenv\lib\site-packages\django\core\servers\basehttp.py:161 "GET /admin/jsi18n/ HTTP/1.1" 200 8734
2023-04-03 22:52:29,682 [INFO] 19236 11620 C:\Users\xrnsj\work\CreateCompanyList\cclvenv\lib\site-packages\django\core\servers\basehttp.py:161 "POST /admin/company/company/ HTTP/1.1" 200 5543
2023-04-03 22:52:29,704 [INFO] 19236 11620 C:\Users\xrnsj\work\CreateCompanyList\cclvenv\lib\site-packages\django\core\servers\basehttp.py:161 "GET /static/admin/js/cancel.js HTTP/1.1" 200 884
2023-04-03 22:52:31,039 [INFO] 19236 11620 C:\Users\xrnsj\work\CreateCompanyList\cclvenv\lib\site-packages\django\core\servers\basehttp.py:161 "POST /admin/company/company/ HTTP/1.1" 302 0
2023-04-03 22:52:31,078 [INFO] 19236 11620 C:\Users\xrnsj\work\CreateCompanyList\cclvenv\lib\site-packages\django\core\servers\basehttp.py:161 "GET /admin/company/company/ HTTP/1.1" 200 7075
2023-04-03 22:52:31,098 [INFO] 19236 11620 C:\Users\xrnsj\work\CreateCompanyList\cclvenv\lib\site-packages\django\core\servers\basehttp.py:161 "GET /admin/jsi18n/ HTTP/1.1" 200 8734
2023-04-03 22:56:50,631 [INFO] 19236 16780 C:\Users\xrnsj\work\CreateCompanyList\cclvenv\lib\site-packages\django\utils\autoreload.py:251 C:\Users\xrnsj\work\CreateCompanyList\CreateCompanyList\apps\scrap\models.py changed, reloading.
2023-04-03 22:56:52,732 [INFO] 29584 15112 C:\Users\xrnsj\work\CreateCompanyList\cclvenv\lib\site-packages\django\utils\autoreload.py:637 Watching for file changes with StatReloader
2023-04-03 22:57:45,079 [INFO] 15276 9464 C:\Users\xrnsj\work\CreateCompanyList\CreateCompanyList\apps\scrap\management\commands\registcompanyinfo.py:19 処理を開始します。
2023-04-03 22:57:45,639 [ERROR] 15276 9464 C:\Users\xrnsj\work\CreateCompanyList\CreateCompanyList\apps\scrap\management\commands\registcompanyinfo.py:31 @typeより情報を取得するのに失敗しました。
2023-04-03 22:57:46,115 [ERROR] 15276 9464 C:\Users\xrnsj\work\CreateCompanyList\CreateCompanyList\apps\scrap\management\commands\registcompanyinfo.py:39 Greenより情報を取得するのに失敗しました。
2023-04-03 22:57:46,115 [INFO] 15276 9464 C:\Users\xrnsj\work\CreateCompanyList\CreateCompanyList\apps\scrap\management\commands\registcompanyinfo.py:53 処理を終了します。
2023-04-03 23:09:54,679 [INFO] 19972 9988 C:\Users\xrnsj\work\CreateCompanyList\cclvenv\lib\site-packages\django\utils\autoreload.py:637 Watching for file changes with StatReloader
2023-04-03 23:10:03,350 [INFO] 21680 13284 C:\Users\xrnsj\work\CreateCompanyList\CreateCompanyList\apps\scrap\management\commands\registcompanyinfo.py:19 処理を開始します。
